<?xml version="1.0" encoding="UTF-8"?>
<testng-results skipped="0" failed="0" total="1" passed="1">
  <reporter-output>
  </reporter-output>
  <suite name="Suite" duration-ms="9945" started-at="2020-09-04T17:45:13Z" finished-at="2020-09-04T17:45:23Z">
    <groups>
    </groups>
    <test name="Test" duration-ms="9945" started-at="2020-09-04T17:45:13Z" finished-at="2020-09-04T17:45:23Z">
      <class name="Basic">
        <test-method status="PASS" signature="beforeTest()[pri:0, instance:Basic@1e67b872]" name="beforeTest" is-config="true" duration-ms="5110" started-at="2020-09-04T19:45:13Z" finished-at="2020-09-04T19:45:18Z">
          <reporter-output>
          </reporter-output>
        </test-method> <!-- beforeTest -->
        <test-method status="PASS" signature="testEasy()[pri:0, instance:Basic@1e67b872]" name="testEasy" duration-ms="3542" started-at="2020-09-04T19:45:18Z" finished-at="2020-09-04T19:45:21Z">
          <reporter-output>
          </reporter-output>
        </test-method> <!-- testEasy -->
        <test-method status="PASS" signature="afterTest()[pri:0, instance:Basic@1e67b872]" name="afterTest" is-config="true" duration-ms="1275" started-at="2020-09-04T19:45:21Z" finished-at="2020-09-04T19:45:23Z">
          <reporter-output>
          </reporter-output>
        </test-method> <!-- afterTest -->
      </class> <!-- Basic -->
    </test> <!-- Test -->
  </suite> <!-- Suite -->
</testng-results>
